<?xml version="1.0" encoding="UTF-8"?>
<testsuite xmlns:xsi="http://www.w3.org/2001/XMLSchema-instance" xsi:noNamespaceSchemaLocation="https://maven.apache.org/surefire/maven-surefire-plugin/xsd/surefire-test-report.xsd" name="com.gl.ceir.NaitionalWhitelistApplicationTests" time="8.45" tests="1" errors="0" skipped="0" failures="0">
  <properties>
    <property name="gopherProxySet" value="false"/>
    <property name="awt.toolkit" value="sun.lwawt.macosx.LWCToolkit"/>
    <property name="java.specification.version" value="11"/>
    <property name="sun.cpu.isalist" value=""/>
    <property name="sun.jnu.encoding" value="UTF-8"/>
    <property name="java.class.path" value="/Users/radhayanand/goldilocks/target/test-classes:/Users/radhayanand/goldilocks/target/classes:/Users/radhayanand/.m2/repository/org/springframework/boot/spring-boot-starter/2.7.13/spring-boot-starter-2.7.13.jar:/Users/radhayanand/.m2/repository/org/springframework/boot/spring-boot/2.7.13/spring-boot-2.7.13.jar:/Users/radhayanand/.m2/repository/org/springframework/spring-context/5.3.28/spring-context-5.3.28.jar:/Users/radhayanand/.m2/repository/org/springframework/spring-expression/5.3.28/spring-expression-5.3.28.jar:/Users/radhayanand/.m2/repository/jakarta/annotation/jakarta.annotation-api/1.3.5/jakarta.annotation-api-1.3.5.jar:/Users/radhayanand/.m2/repository/org/springframework/spring-core/5.3.28/spring-core-5.3.28.jar:/Users/radhayanand/.m2/repository/org/springframework/spring-jcl/5.3.28/spring-jcl-5.3.28.jar:/Users/radhayanand/.m2/repository/org/yaml/snakeyaml/1.30/snakeyaml-1.30.jar:/Users/radhayanand/.m2/repository/org/springframework/boot/spring-boot-starter-test/2.7.13/spring-boot-starter-test-2.7.13.jar:/Users/radhayanand/.m2/repository/org/springframework/boot/spring-boot-test/2.7.13/spring-boot-test-2.7.13.jar:/Users/radhayanand/.m2/repository/org/springframework/boot/spring-boot-test-autoconfigure/2.7.13/spring-boot-test-autoconfigure-2.7.13.jar:/Users/radhayanand/.m2/repository/com/jayway/jsonpath/json-path/2.7.0/json-path-2.7.0.jar:/Users/radhayanand/.m2/repository/net/minidev/json-smart/2.4.11/json-smart-2.4.11.jar:/Users/radhayanand/.m2/repository/net/minidev/accessors-smart/2.4.11/accessors-smart-2.4.11.jar:/Users/radhayanand/.m2/repository/org/ow2/asm/asm/9.3/asm-9.3.jar:/Users/radhayanand/.m2/repository/jakarta/xml/bind/jakarta.xml.bind-api/2.3.3/jakarta.xml.bind-api-2.3.3.jar:/Users/radhayanand/.m2/repository/jakarta/activation/jakarta.activation-api/1.2.2/jakarta.activation-api-1.2.2.jar:/Users/radhayanand/.m2/repository/org/assertj/assertj-core/3.22.0/assertj-core-3.22.0.jar:/Users/radhayanand/.m2/repository/org/hamcrest/hamcrest/2.2/hamcrest-2.2.jar:/Users/radhayanand/.m2/repository/org/junit/jupiter/junit-jupiter/5.8.2/junit-jupiter-5.8.2.jar:/Users/radhayanand/.m2/repository/org/junit/jupiter/junit-jupiter-api/5.8.2/junit-jupiter-api-5.8.2.jar:/Users/radhayanand/.m2/repository/org/opentest4j/opentest4j/1.2.0/opentest4j-1.2.0.jar:/Users/radhayanand/.m2/repository/org/junit/platform/junit-platform-commons/1.8.2/junit-platform-commons-1.8.2.jar:/Users/radhayanand/.m2/repository/org/apiguardian/apiguardian-api/1.1.2/apiguardian-api-1.1.2.jar:/Users/radhayanand/.m2/repository/org/junit/jupiter/junit-jupiter-params/5.8.2/junit-jupiter-params-5.8.2.jar:/Users/radhayanand/.m2/repository/org/junit/jupiter/junit-jupiter-engine/5.8.2/junit-jupiter-engine-5.8.2.jar:/Users/radhayanand/.m2/repository/org/junit/platform/junit-platform-engine/1.8.2/junit-platform-engine-1.8.2.jar:/Users/radhayanand/.m2/repository/org/mockito/mockito-core/4.5.1/mockito-core-4.5.1.jar:/Users/radhayanand/.m2/repository/net/bytebuddy/byte-buddy/1.12.23/byte-buddy-1.12.23.jar:/Users/radhayanand/.m2/repository/net/bytebuddy/byte-buddy-agent/1.12.23/byte-buddy-agent-1.12.23.jar:/Users/radhayanand/.m2/repository/org/objenesis/objenesis/3.2/objenesis-3.2.jar:/Users/radhayanand/.m2/repository/org/mockito/mockito-junit-jupiter/4.5.1/mockito-junit-jupiter-4.5.1.jar:/Users/radhayanand/.m2/repository/org/skyscreamer/jsonassert/1.5.1/jsonassert-1.5.1.jar:/Users/radhayanand/.m2/repository/com/vaadin/external/google/android-json/0.0.20131108.vaadin1/android-json-0.0.20131108.vaadin1.jar:/Users/radhayanand/.m2/repository/org/springframework/spring-test/5.3.28/spring-test-5.3.28.jar:/Users/radhayanand/.m2/repository/org/xmlunit/xmlunit-core/2.9.1/xmlunit-core-2.9.1.jar:/Users/radhayanand/.m2/repository/org/springframework/boot/spring-boot-autoconfigure/2.7.13/spring-boot-autoconfigure-2.7.13.jar:/Users/radhayanand/.m2/repository/org/springframework/boot/spring-boot-starter-data-jpa/2.7.13/spring-boot-starter-data-jpa-2.7.13.jar:/Users/radhayanand/.m2/repository/org/springframework/boot/spring-boot-starter-aop/2.7.13/spring-boot-starter-aop-2.7.13.jar:/Users/radhayanand/.m2/repository/org/springframework/spring-aop/5.3.28/spring-aop-5.3.28.jar:/Users/radhayanand/.m2/repository/org/aspectj/aspectjweaver/1.9.7/aspectjweaver-1.9.7.jar:/Users/radhayanand/.m2/repository/org/springframework/boot/spring-boot-starter-jdbc/2.7.13/spring-boot-starter-jdbc-2.7.13.jar:/Users/radhayanand/.m2/repository/com/zaxxer/HikariCP/4.0.3/HikariCP-4.0.3.jar:/Users/radhayanand/.m2/repository/org/springframework/spring-jdbc/5.3.28/spring-jdbc-5.3.28.jar:/Users/radhayanand/.m2/repository/jakarta/transaction/jakarta.transaction-api/1.3.3/jakarta.transaction-api-1.3.3.jar:/Users/radhayanand/.m2/repository/jakarta/persistence/jakarta.persistence-api/2.2.3/jakarta.persistence-api-2.2.3.jar:/Users/radhayanand/.m2/repository/org/hibernate/hibernate-core/5.6.15.Final/hibernate-core-5.6.15.Final.jar:/Users/radhayanand/.m2/repository/org/jboss/logging/jboss-logging/3.4.3.Final/jboss-logging-3.4.3.Final.jar:/Users/radhayanand/.m2/repository/antlr/antlr/2.7.7/antlr-2.7.7.jar:/Users/radhayanand/.m2/repository/org/jboss/jandex/2.4.2.Final/jandex-2.4.2.Final.jar:/Users/radhayanand/.m2/repository/com/fasterxml/classmate/1.5.1/classmate-1.5.1.jar:/Users/radhayanand/.m2/repository/org/hibernate/common/hibernate-commons-annotations/5.1.2.Final/hibernate-commons-annotations-5.1.2.Final.jar:/Users/radhayanand/.m2/repository/org/glassfish/jaxb/jaxb-runtime/2.3.8/jaxb-runtime-2.3.8.jar:/Users/radhayanand/.m2/repository/org/glassfish/jaxb/txw2/2.3.8/txw2-2.3.8.jar:/Users/radhayanand/.m2/repository/com/sun/istack/istack-commons-runtime/3.0.12/istack-commons-runtime-3.0.12.jar:/Users/radhayanand/.m2/repository/com/sun/activation/jakarta.activation/1.2.2/jakarta.activation-1.2.2.jar:/Users/radhayanand/.m2/repository/org/springframework/data/spring-data-jpa/2.7.13/spring-data-jpa-2.7.13.jar:/Users/radhayanand/.m2/repository/org/springframework/data/spring-data-commons/2.7.13/spring-data-commons-2.7.13.jar:/Users/radhayanand/.m2/repository/org/springframework/spring-orm/5.3.28/spring-orm-5.3.28.jar:/Users/radhayanand/.m2/repository/org/springframework/spring-tx/5.3.28/spring-tx-5.3.28.jar:/Users/radhayanand/.m2/repository/org/springframework/spring-beans/5.3.28/spring-beans-5.3.28.jar:/Users/radhayanand/.m2/repository/org/springframework/spring-aspects/5.3.28/spring-aspects-5.3.28.jar:/Users/radhayanand/.m2/repository/com/oracle/ojdbc/ojdbc10/19.3.0.0/ojdbc10-19.3.0.0.jar:/Users/radhayanand/.m2/repository/com/oracle/ojdbc/ucp/19.3.0.0/ucp-19.3.0.0.jar:/Users/radhayanand/.m2/repository/com/oracle/ojdbc/oraclepki/19.3.0.0/oraclepki-19.3.0.0.jar:/Users/radhayanand/.m2/repository/com/oracle/ojdbc/osdt_cert/19.3.0.0/osdt_cert-19.3.0.0.jar:/Users/radhayanand/.m2/repository/com/oracle/ojdbc/osdt_core/19.3.0.0/osdt_core-19.3.0.0.jar:/Users/radhayanand/.m2/repository/com/oracle/ojdbc/simplefan/19.3.0.0/simplefan-19.3.0.0.jar:/Users/radhayanand/.m2/repository/com/oracle/ojdbc/ons/19.3.0.0/ons-19.3.0.0.jar:/Users/radhayanand/.m2/repository/org/apache/logging/log4j/log4j-api/2.20.0/log4j-api-2.20.0.jar:/Users/radhayanand/.m2/repository/org/apache/logging/log4j/log4j-core/2.20.0/log4j-core-2.20.0.jar:/Users/radhayanand/.m2/repository/org/apache/logging/log4j/log4j-slf4j-impl/2.20.0/log4j-slf4j-impl-2.20.0.jar:/Users/radhayanand/.m2/repository/org/slf4j/slf4j-api/1.7.36/slf4j-api-1.7.36.jar:/Users/radhayanand/.m2/repository/com/fasterxml/jackson/core/jackson-core/2.13.5/jackson-core-2.13.5.jar:/Users/radhayanand/.m2/repository/mysql/mysql-connector-java/8.0.18/mysql-connector-java-8.0.18.jar:/Users/radhayanand/.m2/repository/com/google/protobuf/protobuf-java/3.6.1/protobuf-java-3.6.1.jar:/Users/radhayanand/.m2/repository/com/h2database/h2/2.1.214/h2-2.1.214.jar:/Users/radhayanand/.m2/repository/com/fasterxml/jackson/core/jackson-databind/2.13.5/jackson-databind-2.13.5.jar:/Users/radhayanand/.m2/repository/com/fasterxml/jackson/core/jackson-annotations/2.13.5/jackson-annotations-2.13.5.jar:/Users/radhayanand/.m2/repository/org/apache/commons/commons-lang3/3.12.0/commons-lang3-3.12.0.jar:/Users/radhayanand/.m2/repository/com/github/ulisesbocchio/jasypt-spring-boot/2.0.0/jasypt-spring-boot-2.0.0.jar:/Users/radhayanand/.m2/repository/org/jasypt/jasypt/1.9.2/jasypt-1.9.2.jar:/Users/radhayanand/goldilocks/libs/RuleEngine-1.1.jar:"/>
    <property name="java.vm.vendor" value="Homebrew"/>
    <property name="sun.arch.data.model" value="64"/>
    <property name="java.vendor.url" value="https://github.com/Homebrew/homebrew-core/issues"/>
    <property name="user.timezone" value=""/>
    <property name="java.vm.specification.version" value="11"/>
    <property name="os.name" value="Mac OS X"/>
    <property name="sun.java.launcher" value="SUN_STANDARD"/>
    <property name="user.country" value="GB"/>
    <property name="sun.boot.library.path" value="/opt/homebrew/Cellar/openjdk@11/11.0.22/libexec/openjdk.jdk/Contents/Home/lib"/>
    <property name="sun.java.command" value="/Users/radhayanand/goldilocks/target/surefire/surefirebooter1526978884173370031.jar /Users/radhayanand/goldilocks/target/surefire 2024-07-21T14-46-59_108-jvmRun1 surefire17422354004382972516tmp surefire_014870164140111656722tmp"/>
    <property name="http.nonProxyHosts" value="local|*.local|169.254/16|*.169.254/16"/>
    <property name="jdk.debug" value="release"/>
    <property name="surefire.test.class.path" value="/Users/radhayanand/goldilocks/target/test-classes:/Users/radhayanand/goldilocks/target/classes:/Users/radhayanand/.m2/repository/org/springframework/boot/spring-boot-starter/2.7.13/spring-boot-starter-2.7.13.jar:/Users/radhayanand/.m2/repository/org/springframework/boot/spring-boot/2.7.13/spring-boot-2.7.13.jar:/Users/radhayanand/.m2/repository/org/springframework/spring-context/5.3.28/spring-context-5.3.28.jar:/Users/radhayanand/.m2/repository/org/springframework/spring-expression/5.3.28/spring-expression-5.3.28.jar:/Users/radhayanand/.m2/repository/jakarta/annotation/jakarta.annotation-api/1.3.5/jakarta.annotation-api-1.3.5.jar:/Users/radhayanand/.m2/repository/org/springframework/spring-core/5.3.28/spring-core-5.3.28.jar:/Users/radhayanand/.m2/repository/org/springframework/spring-jcl/5.3.28/spring-jcl-5.3.28.jar:/Users/radhayanand/.m2/repository/org/yaml/snakeyaml/1.30/snakeyaml-1.30.jar:/Users/radhayanand/.m2/repository/org/springframework/boot/spring-boot-starter-test/2.7.13/spring-boot-starter-test-2.7.13.jar:/Users/radhayanand/.m2/repository/org/springframework/boot/spring-boot-test/2.7.13/spring-boot-test-2.7.13.jar:/Users/radhayanand/.m2/repository/org/springframework/boot/spring-boot-test-autoconfigure/2.7.13/spring-boot-test-autoconfigure-2.7.13.jar:/Users/radhayanand/.m2/repository/com/jayway/jsonpath/json-path/2.7.0/json-path-2.7.0.jar:/Users/radhayanand/.m2/repository/net/minidev/json-smart/2.4.11/json-smart-2.4.11.jar:/Users/radhayanand/.m2/repository/net/minidev/accessors-smart/2.4.11/accessors-smart-2.4.11.jar:/Users/radhayanand/.m2/repository/org/ow2/asm/asm/9.3/asm-9.3.jar:/Users/radhayanand/.m2/repository/jakarta/xml/bind/jakarta.xml.bind-api/2.3.3/jakarta.xml.bind-api-2.3.3.jar:/Users/radhayanand/.m2/repository/jakarta/activation/jakarta.activation-api/1.2.2/jakarta.activation-api-1.2.2.jar:/Users/radhayanand/.m2/repository/org/assertj/assertj-core/3.22.0/assertj-core-3.22.0.jar:/Users/radhayanand/.m2/repository/org/hamcrest/hamcrest/2.2/hamcrest-2.2.jar:/Users/radhayanand/.m2/repository/org/junit/jupiter/junit-jupiter/5.8.2/junit-jupiter-5.8.2.jar:/Users/radhayanand/.m2/repository/org/junit/jupiter/junit-jupiter-api/5.8.2/junit-jupiter-api-5.8.2.jar:/Users/radhayanand/.m2/repository/org/opentest4j/opentest4j/1.2.0/opentest4j-1.2.0.jar:/Users/radhayanand/.m2/repository/org/junit/platform/junit-platform-commons/1.8.2/junit-platform-commons-1.8.2.jar:/Users/radhayanand/.m2/repository/org/apiguardian/apiguardian-api/1.1.2/apiguardian-api-1.1.2.jar:/Users/radhayanand/.m2/repository/org/junit/jupiter/junit-jupiter-params/5.8.2/junit-jupiter-params-5.8.2.jar:/Users/radhayanand/.m2/repository/org/junit/jupiter/junit-jupiter-engine/5.8.2/junit-jupiter-engine-5.8.2.jar:/Users/radhayanand/.m2/repository/org/junit/platform/junit-platform-engine/1.8.2/junit-platform-engine-1.8.2.jar:/Users/radhayanand/.m2/repository/org/mockito/mockito-core/4.5.1/mockito-core-4.5.1.jar:/Users/radhayanand/.m2/repository/net/bytebuddy/byte-buddy/1.12.23/byte-buddy-1.12.23.jar:/Users/radhayanand/.m2/repository/net/bytebuddy/byte-buddy-agent/1.12.23/byte-buddy-agent-1.12.23.jar:/Users/radhayanand/.m2/repository/org/objenesis/objenesis/3.2/objenesis-3.2.jar:/Users/radhayanand/.m2/repository/org/mockito/mockito-junit-jupiter/4.5.1/mockito-junit-jupiter-4.5.1.jar:/Users/radhayanand/.m2/repository/org/skyscreamer/jsonassert/1.5.1/jsonassert-1.5.1.jar:/Users/radhayanand/.m2/repository/com/vaadin/external/google/android-json/0.0.20131108.vaadin1/android-json-0.0.20131108.vaadin1.jar:/Users/radhayanand/.m2/repository/org/springframework/spring-test/5.3.28/spring-test-5.3.28.jar:/Users/radhayanand/.m2/repository/org/xmlunit/xmlunit-core/2.9.1/xmlunit-core-2.9.1.jar:/Users/radhayanand/.m2/repository/org/springframework/boot/spring-boot-autoconfigure/2.7.13/spring-boot-autoconfigure-2.7.13.jar:/Users/radhayanand/.m2/repository/org/springframework/boot/spring-boot-starter-data-jpa/2.7.13/spring-boot-starter-data-jpa-2.7.13.jar:/Users/radhayanand/.m2/repository/org/springframework/boot/spring-boot-starter-aop/2.7.13/spring-boot-starter-aop-2.7.13.jar:/Users/radhayanand/.m2/repository/org/springframework/spring-aop/5.3.28/spring-aop-5.3.28.jar:/Users/radhayanand/.m2/repository/org/aspectj/aspectjweaver/1.9.7/aspectjweaver-1.9.7.jar:/Users/radhayanand/.m2/repository/org/springframework/boot/spring-boot-starter-jdbc/2.7.13/spring-boot-starter-jdbc-2.7.13.jar:/Users/radhayanand/.m2/repository/com/zaxxer/HikariCP/4.0.3/HikariCP-4.0.3.jar:/Users/radhayanand/.m2/repository/org/springframework/spring-jdbc/5.3.28/spring-jdbc-5.3.28.jar:/Users/radhayanand/.m2/repository/jakarta/transaction/jakarta.transaction-api/1.3.3/jakarta.transaction-api-1.3.3.jar:/Users/radhayanand/.m2/repository/jakarta/persistence/jakarta.persistence-api/2.2.3/jakarta.persistence-api-2.2.3.jar:/Users/radhayanand/.m2/repository/org/hibernate/hibernate-core/5.6.15.Final/hibernate-core-5.6.15.Final.jar:/Users/radhayanand/.m2/repository/org/jboss/logging/jboss-logging/3.4.3.Final/jboss-logging-3.4.3.Final.jar:/Users/radhayanand/.m2/repository/antlr/antlr/2.7.7/antlr-2.7.7.jar:/Users/radhayanand/.m2/repository/org/jboss/jandex/2.4.2.Final/jandex-2.4.2.Final.jar:/Users/radhayanand/.m2/repository/com/fasterxml/classmate/1.5.1/classmate-1.5.1.jar:/Users/radhayanand/.m2/repository/org/hibernate/common/hibernate-commons-annotations/5.1.2.Final/hibernate-commons-annotations-5.1.2.Final.jar:/Users/radhayanand/.m2/repository/org/glassfish/jaxb/jaxb-runtime/2.3.8/jaxb-runtime-2.3.8.jar:/Users/radhayanand/.m2/repository/org/glassfish/jaxb/txw2/2.3.8/txw2-2.3.8.jar:/Users/radhayanand/.m2/repository/com/sun/istack/istack-commons-runtime/3.0.12/istack-commons-runtime-3.0.12.jar:/Users/radhayanand/.m2/repository/com/sun/activation/jakarta.activation/1.2.2/jakarta.activation-1.2.2.jar:/Users/radhayanand/.m2/repository/org/springframework/data/spring-data-jpa/2.7.13/spring-data-jpa-2.7.13.jar:/Users/radhayanand/.m2/repository/org/springframework/data/spring-data-commons/2.7.13/spring-data-commons-2.7.13.jar:/Users/radhayanand/.m2/repository/org/springframework/spring-orm/5.3.28/spring-orm-5.3.28.jar:/Users/radhayanand/.m2/repository/org/springframework/spring-tx/5.3.28/spring-tx-5.3.28.jar:/Users/radhayanand/.m2/repository/org/springframework/spring-beans/5.3.28/spring-beans-5.3.28.jar:/Users/radhayanand/.m2/repository/org/springframework/spring-aspects/5.3.28/spring-aspects-5.3.28.jar:/Users/radhayanand/.m2/repository/com/oracle/ojdbc/ojdbc10/19.3.0.0/ojdbc10-19.3.0.0.jar:/Users/radhayanand/.m2/repository/com/oracle/ojdbc/ucp/19.3.0.0/ucp-19.3.0.0.jar:/Users/radhayanand/.m2/repository/com/oracle/ojdbc/oraclepki/19.3.0.0/oraclepki-19.3.0.0.jar:/Users/radhayanand/.m2/repository/com/oracle/ojdbc/osdt_cert/19.3.0.0/osdt_cert-19.3.0.0.jar:/Users/radhayanand/.m2/repository/com/oracle/ojdbc/osdt_core/19.3.0.0/osdt_core-19.3.0.0.jar:/Users/radhayanand/.m2/repository/com/oracle/ojdbc/simplefan/19.3.0.0/simplefan-19.3.0.0.jar:/Users/radhayanand/.m2/repository/com/oracle/ojdbc/ons/19.3.0.0/ons-19.3.0.0.jar:/Users/radhayanand/.m2/repository/org/apache/logging/log4j/log4j-api/2.20.0/log4j-api-2.20.0.jar:/Users/radhayanand/.m2/repository/org/apache/logging/log4j/log4j-core/2.20.0/log4j-core-2.20.0.jar:/Users/radhayanand/.m2/repository/org/apache/logging/log4j/log4j-slf4j-impl/2.20.0/log4j-slf4j-impl-2.20.0.jar:/Users/radhayanand/.m2/repository/org/slf4j/slf4j-api/1.7.36/slf4j-api-1.7.36.jar:/Users/radhayanand/.m2/repository/com/fasterxml/jackson/core/jackson-core/2.13.5/jackson-core-2.13.5.jar:/Users/radhayanand/.m2/repository/mysql/mysql-connector-java/8.0.18/mysql-connector-java-8.0.18.jar:/Users/radhayanand/.m2/repository/com/google/protobuf/protobuf-java/3.6.1/protobuf-java-3.6.1.jar:/Users/radhayanand/.m2/repository/com/h2database/h2/2.1.214/h2-2.1.214.jar:/Users/radhayanand/.m2/repository/com/fasterxml/jackson/core/jackson-databind/2.13.5/jackson-databind-2.13.5.jar:/Users/radhayanand/.m2/repository/com/fasterxml/jackson/core/jackson-annotations/2.13.5/jackson-annotations-2.13.5.jar:/Users/radhayanand/.m2/repository/org/apache/commons/commons-lang3/3.12.0/commons-lang3-3.12.0.jar:/Users/radhayanand/.m2/repository/com/github/ulisesbocchio/jasypt-spring-boot/2.0.0/jasypt-spring-boot-2.0.0.jar:/Users/radhayanand/.m2/repository/org/jasypt/jasypt/1.9.2/jasypt-1.9.2.jar:/Users/radhayanand/goldilocks/libs/RuleEngine-1.1.jar:"/>
    <property name="sun.cpu.endian" value="little"/>
    <property name="user.home" value="/Users/radhayanand"/>
    <property name="user.language" value="en"/>
    <property name="java.specification.vendor" value="Oracle Corporation"/>
    <property name="java.version.date" value="2024-01-16"/>
    <property name="java.home" value="/opt/homebrew/Cellar/openjdk@11/11.0.22/libexec/openjdk.jdk/Contents/Home"/>
    <property name="file.separator" value="/"/>
    <property name="basedir" value="/Users/radhayanand/goldilocks"/>
    <property name="java.vm.compressedOopsMode" value="Zero based"/>
    <property name="line.separator" value="&#10;"/>
    <property name="java.specification.name" value="Java Platform API Specification"/>
    <property name="java.vm.specification.vendor" value="Oracle Corporation"/>
    <property name="java.awt.graphicsenv" value="sun.awt.CGraphicsEnvironment"/>
    <property name="surefire.real.class.path" value="/Users/radhayanand/goldilocks/target/surefire/surefirebooter1526978884173370031.jar"/>
    <property name="sun.management.compiler" value="HotSpot 64-Bit Tiered Compilers"/>
    <property name="ftp.nonProxyHosts" value="local|*.local|169.254/16|*.169.254/16"/>
    <property name="java.runtime.version" value="11.0.22+0"/>
    <property name="user.name" value="radhayanand"/>
    <property name="path.separator" value=":"/>
    <property name="os.version" value="14.1.2"/>
    <property name="java.runtime.name" value="OpenJDK Runtime Environment"/>
    <property name="file.encoding" value="UTF-8"/>
    <property name="java.vm.name" value="OpenJDK 64-Bit Server VM"/>
    <property name="java.vendor.version" value="Homebrew"/>
    <property name="localRepository" value="/Users/radhayanand/.m2/repository"/>
    <property name="java.vendor.url.bug" value="https://github.com/Homebrew/homebrew-core/issues"/>
    <property name="java.io.tmpdir" value="/var/folders/1m/65f1dnyd64sgjplxwy0s4ybc0000gn/T/"/>
    <property name="idea.version" value="2023.2.5"/>
    <property name="java.version" value="11.0.22"/>
    <property name="user.dir" value="/Users/radhayanand/goldilocks"/>
    <property name="os.arch" value="aarch64"/>
    <property name="java.vm.specification.name" value="Java Virtual Machine Specification"/>
    <property name="java.awt.printerjob" value="sun.lwawt.macosx.CPrinterJob"/>
    <property name="sun.os.patch.level" value="unknown"/>
    <property name="java.library.path" value="/Users/radhayanand/Library/Java/Extensions:/Library/Java/Extensions:/Network/Library/Java/Extensions:/System/Library/Java/Extensions:/usr/lib/java:."/>
    <property name="java.vm.info" value="mixed mode"/>
    <property name="java.vendor" value="Homebrew"/>
    <property name="java.vm.version" value="11.0.22+0"/>
    <property name="java.specification.maintenance.version" value="2"/>
    <property name="sun.io.unicode.encoding" value="UnicodeBig"/>
    <property name="java.class.version" value="55.0"/>
    <property name="socksNonProxyHosts" value="local|*.local|169.254/16|*.169.254/16"/>
  </properties>
  <testcase name="contextLoads" classname="com.gl.ceir.NaitionalWhitelistApplicationTests" time="0.056"/>
</testsuite>